<?xml version="1.0" encoding="UTF-8"?>
<testsuite xmlns:xsi="http://www.w3.org/2001/XMLSchema-instance" xsi:noNamespaceSchemaLocation="https://maven.apache.org/surefire/maven-surefire-plugin/xsd/surefire-test-report.xsd" name="unam.ciencias.computoconcurrente.MatrixUtilsTest" time="0.117" tests="4" errors="0" skipped="0" failures="2">
  <properties>
    <property name="sun.desktop" value="gnome"/>
    <property name="awt.toolkit" value="sun.awt.X11.XToolkit"/>
    <property name="java.specification.version" value="11"/>
    <property name="sun.cpu.isalist" value=""/>
    <property name="sun.jnu.encoding" value="UTF-8"/>
    <property name="java.class.path" value="/home/rodriginsky/Desktop/Practicas Concurrente/P1/ComputacionConcurrente2023-2/P1/Practica01/target/test-classes:/home/rodriginsky/Desktop/Practicas Concurrente/P1/ComputacionConcurrente2023-2/P1/Practica01/target/classes:/home/rodriginsky/.m2/repository/org/junit/jupiter/junit-jupiter/5.5.1/junit-jupiter-5.5.1.jar:/home/rodriginsky/.m2/repository/org/junit/jupiter/junit-jupiter-api/5.5.1/junit-jupiter-api-5.5.1.jar:/home/rodriginsky/.m2/repository/org/apiguardian/apiguardian-api/1.1.0/apiguardian-api-1.1.0.jar:/home/rodriginsky/.m2/repository/org/opentest4j/opentest4j/1.2.0/opentest4j-1.2.0.jar:/home/rodriginsky/.m2/repository/org/junit/platform/junit-platform-commons/1.5.1/junit-platform-commons-1.5.1.jar:/home/rodriginsky/.m2/repository/org/junit/jupiter/junit-jupiter-params/5.5.1/junit-jupiter-params-5.5.1.jar:/home/rodriginsky/.m2/repository/org/junit/jupiter/junit-jupiter-engine/5.5.1/junit-jupiter-engine-5.5.1.jar:/home/rodriginsky/.m2/repository/org/junit/platform/junit-platform-engine/1.5.1/junit-platform-engine-1.5.1.jar:"/>
    <property name="java.vm.vendor" value="Ubuntu"/>
    <property name="sun.arch.data.model" value="64"/>
    <property name="java.vendor.url" value="https://ubuntu.com/"/>
    <property name="user.timezone" value=""/>
    <property name="java.vm.specification.version" value="11"/>
    <property name="os.name" value="Linux"/>
    <property name="sun.java.launcher" value="SUN_STANDARD"/>
    <property name="user.country" value="US"/>
    <property name="sun.boot.library.path" value="/usr/lib/jvm/java-11-openjdk-amd64/lib"/>
    <property name="sun.java.command" value="/home/rodriginsky/Desktop/Practicas Concurrente/P1/ComputacionConcurrente2023-2/P1/Practica01/target/surefire/surefirebooter11480430742929599516.jar /home/rodriginsky/Desktop/Practicas Concurrente/P1/ComputacionConcurrente2023-2/P1/Practica01/target/surefire 2023-03-01T23-14-13_790-jvmRun1 surefire14459122027083369979tmp surefire_015477437688088509766tmp"/>
    <property name="jdk.debug" value="release"/>
    <property name="surefire.test.class.path" value="/home/rodriginsky/Desktop/Practicas Concurrente/P1/ComputacionConcurrente2023-2/P1/Practica01/target/test-classes:/home/rodriginsky/Desktop/Practicas Concurrente/P1/ComputacionConcurrente2023-2/P1/Practica01/target/classes:/home/rodriginsky/.m2/repository/org/junit/jupiter/junit-jupiter/5.5.1/junit-jupiter-5.5.1.jar:/home/rodriginsky/.m2/repository/org/junit/jupiter/junit-jupiter-api/5.5.1/junit-jupiter-api-5.5.1.jar:/home/rodriginsky/.m2/repository/org/apiguardian/apiguardian-api/1.1.0/apiguardian-api-1.1.0.jar:/home/rodriginsky/.m2/repository/org/opentest4j/opentest4j/1.2.0/opentest4j-1.2.0.jar:/home/rodriginsky/.m2/repository/org/junit/platform/junit-platform-commons/1.5.1/junit-platform-commons-1.5.1.jar:/home/rodriginsky/.m2/repository/org/junit/jupiter/junit-jupiter-params/5.5.1/junit-jupiter-params-5.5.1.jar:/home/rodriginsky/.m2/repository/org/junit/jupiter/junit-jupiter-engine/5.5.1/junit-jupiter-engine-5.5.1.jar:/home/rodriginsky/.m2/repository/org/junit/platform/junit-platform-engine/1.5.1/junit-platform-engine-1.5.1.jar:"/>
    <property name="sun.cpu.endian" value="little"/>
    <property name="user.home" value="/home/rodriginsky"/>
    <property name="user.language" value="en"/>
    <property name="java.specification.vendor" value="Oracle Corporation"/>
    <property name="java.version.date" value="2023-01-17"/>
    <property name="java.home" value="/usr/lib/jvm/java-11-openjdk-amd64"/>
    <property name="file.separator" value="/"/>
    <property name="basedir" value="/home/rodriginsky/Desktop/Practicas Concurrente/P1/ComputacionConcurrente2023-2/P1/Practica01"/>
    <property name="java.vm.compressedOopsMode" value="32-bit"/>
    <property name="line.separator" value="&#10;"/>
    <property name="java.specification.name" value="Java Platform API Specification"/>
    <property name="java.vm.specification.vendor" value="Oracle Corporation"/>
    <property name="java.awt.graphicsenv" value="sun.awt.X11GraphicsEnvironment"/>
    <property name="surefire.real.class.path" value="/home/rodriginsky/Desktop/Practicas Concurrente/P1/ComputacionConcurrente2023-2/P1/Practica01/target/surefire/surefirebooter11480430742929599516.jar"/>
    <property name="sun.management.compiler" value="HotSpot 64-Bit Tiered Compilers"/>
    <property name="java.runtime.version" value="11.0.18+10-post-Ubuntu-0ubuntu120.04.1"/>
    <property name="user.name" value="rodriginsky"/>
    <property name="path.separator" value=":"/>
    <property name="os.version" value="5.4.0-42-generic"/>
    <property name="java.runtime.name" value="OpenJDK Runtime Environment"/>
    <property name="file.encoding" value="UTF-8"/>
    <property name="java.vm.name" value="OpenJDK 64-Bit Server VM"/>
    <property name="localRepository" value="/home/rodriginsky/.m2/repository"/>
    <property name="java.vendor.url.bug" value="https://bugs.launchpad.net/ubuntu/+source/openjdk-lts"/>
    <property name="java.io.tmpdir" value="/tmp"/>
    <property name="java.version" value="11.0.18"/>
    <property name="user.dir" value="/home/rodriginsky/Desktop/Practicas Concurrente/P1/ComputacionConcurrente2023-2/P1/Practica01"/>
    <property name="os.arch" value="amd64"/>
    <property name="java.vm.specification.name" value="Java Virtual Machine Specification"/>
    <property name="java.awt.printerjob" value="sun.print.PSPrinterJob"/>
    <property name="sun.os.patch.level" value="unknown"/>
    <property name="java.library.path" value="/usr/java/packages/lib:/usr/lib/x86_64-linux-gnu/jni:/lib/x86_64-linux-gnu:/usr/lib/x86_64-linux-gnu:/usr/lib/jni:/lib:/usr/lib"/>
    <property name="java.vm.info" value="mixed mode, sharing"/>
    <property name="java.vendor" value="Ubuntu"/>
    <property name="java.vm.version" value="11.0.18+10-post-Ubuntu-0ubuntu120.04.1"/>
    <property name="sun.io.unicode.encoding" value="UnicodeLittle"/>
    <property name="java.class.version" value="55.0"/>
  </properties>
  <testcase name="findaverageConcurrent2" classname="unam.ciencias.computoconcurrente.MatrixUtilsTest" time="0.018"/>
  <testcase name="findAverageConcurrent" classname="unam.ciencias.computoconcurrente.MatrixUtilsTest" time="0.07">
    <failure message="expected: &lt;9.37&gt; but was: &lt;9.375&gt;" type="org.opentest4j.AssertionFailedError"><![CDATA[org.opentest4j.AssertionFailedError: expected: <9.37> but was: <9.375>
	at unam.ciencias.computoconcurrente.MatrixUtilsTest.findAverageConcurrent(MatrixUtilsTest.java:34)
]]></failure>
    <system-out><![CDATA[Participating threads: 2
Thread 0 is working with this matrix:
4 29 -6 0 
15 6 0 4 

Thread 1 is working with this matrix:
25 41 -10 4 
0 0 -1 39 

]]></system-out>
  </testcase>
  <testcase name="findAverage" classname="unam.ciencias.computoconcurrente.MatrixUtilsTest" time="0.015">
    <failure message="expected: &lt;9.37&gt; but was: &lt;9.375&gt;" type="org.opentest4j.AssertionFailedError"><![CDATA[org.opentest4j.AssertionFailedError: expected: <9.37> but was: <9.375>
	at unam.ciencias.computoconcurrente.MatrixUtilsTest.findAverage(MatrixUtilsTest.java:21)
]]></failure>
    <system-out><![CDATA[Participating threads: 1
Thread 0 is working with this matrix:
4 29 -6 0 
15 6 0 4 
25 41 -10 4 
0 0 -1 39 

]]></system-out>
  </testcase>
  <testcase name="findAverage2" classname="unam.ciencias.computoconcurrente.MatrixUtilsTest" time="0.011"/>
</testsuite>